#
# A fatal error has been detected by the Java Runtime Environment:
#
#  EXCEPTION_ACCESS_VIOLATION (0xc0000005) at pc=0x00000000631aa204, pid=4780, tid=3976
#
# JRE version: 7.0_03-b05
# Java VM: Java HotSpot(TM) 64-Bit Server VM (22.1-b02 mixed mode windows-amd64 compressed oops)
# Problematic frame:
# V  [jvm.dll+0x1fa204]
#
# Failed to write core dump. Minidumps are not enabled by default on client versions of Windows
#
# If you would like to submit a bug report, please visit:
#   http://bugreport.sun.com/bugreport/crash.jsp
#

---------------  T H R E A D  ---------------

Current thread (0x0000000006d01000):  VMThread [stack: 0x00000000074e0000,0x00000000075e0000] [id=3976]

siginfo: ExceptionCode=0xc0000005, reading address 0x000000a4000000c8

Registers:
RAX=0x000000a400000000, RBX=0x000000078939ba28, RCX=0x0000000785a66a68, RDX=0x000000078939ba28
RSP=0x00000000075df050, RBP=0x0000000000000000, RSI=0x00000000000a0a00, RDI=0x00000000104a5100
R8 =0x0000000000000ff0, R9 =0x00000000104a7120, R10=0x00000000000a0a00, R11=0x00000000003ff380
R12=0x000000000226aaf0, R13=0x00000000023ccc60, R14=0x000000000226bca0, R15=0x0000000000000012
RIP=0x00000000631aa204, EFLAGS=0x0000000000010202

Top of Stack: (sp=0x00000000075df050)
0x00000000075df050:   00000007880ff1b0 0000000000000000
0x00000000075df060:   00000000000a0a00 0000000000000000
0x00000000075df070:   00000000635ed820 00000000632e631b
0x00000000075df080:   000000000226ab80 0000000000000000
0x00000000075df090:   00000000075df210 00000000635ed820
0x00000000075df0a0:   00000000023c7e10 00000000632f195e
0x00000000075df0b0:   000000006348ee50 0000000000000000
0x00000000075df0c0:   00000000635ed820 0000000000000001
0x00000000075df0d0:   0000000002010100 0000000000000000
0x00000000075df0e0:   000000000f26ea70 000000000226bc00
0x00000000075df0f0:   00000000023ccc60 00000000023c7e10
0x00000000075df100:   00000000023ca3b0 00000000632e6e09
0x00000000075df110:   0000000006cfbb01 0000000000000000
0x00000000075df120:   000000000226ab80 0000000006cf6540
0x00000000075df130:   00000000023c7e01 000000000227c701
0x00000000075df140:   0000000014609401 000000000227c701 

Instructions: (pc=0x00000000631aa204)
0x00000000631aa1e4:   8b 0d de 40 42 00 48 d3 e0 48 03 05 cc 40 42 00
0x00000000631aa1f4:   eb 04 48 8b 43 08 48 8d 48 10 48 8b d3 48 8b 01
0x00000000631aa204:   ff 90 c8 00 00 00 48 8b 0d 17 34 44 00 48 85 c9
0x00000000631aa214:   0f 85 16 ff ff ff 48 8b 15 f7 34 44 00 48 85 d2 


Register to memory mapping:

RAX=0x000000a400000000 is an unknown value
RBX=0x000000078939ba28 is an oop
[Ljava.lang.Object; 
 - klass: 'java/lang/Object'[]
 - length: 9230100
RCX=0x0000000785a66a68 is an oop
[I 
 - klass: {type array int}
 - length: 2
RDX=0x000000078939ba28 is an oop
[Ljava.lang.Object; 
 - klass: 'java/lang/Object'[]
 - length: 9230100
RSP=0x00000000075df050 is an unknown value
RBP=0x0000000000000000 is an unknown value
RSI=0x00000000000a0a00 is an unknown value
RDI=0x00000000104a5100 is an unknown value
R8 =0x0000000000000ff0 is an unknown value
R9 =0x00000000104a7120 is an unknown value
R10=0x00000000000a0a00 is an unknown value
R11=0x00000000003ff380 is an unknown value
R12=0x000000000226aaf0 is an unknown value
R13=0x00000000023ccc60 is an unknown value
R14=0x000000000226bca0 is an unknown value
R15=0x0000000000000012 is an unknown value


Stack: [0x00000000074e0000,0x00000000075e0000],  sp=0x00000000075df050,  free space=1020k
Native frames: (J=compiled Java code, j=interpreted, Vv=VM code, C=native code)
V  [jvm.dll+0x1fa204]

[error occurred during error reporting (printing native stack), id 0xc0000005]

VM_Operation (0x0000000008c5dd10): ParallelGCFailedAllocation, mode: safepoint, requested by thread 0x0000000006e6c800


---------------  P R O C E S S  ---------------

Java Threads: ( => current thread )
  0x00000000085f1800 JavaThread "Thread-3" [_thread_blocked, id=4492, stack(0x0000000010120000,0x0000000010220000)]
  0x0000000008626800 JavaThread "Thread-2" [_thread_blocked, id=1528, stack(0x000000000e690000,0x000000000e790000)]
  0x0000000008472800 JavaThread "D3D Screen Updater" daemon [_thread_blocked, id=4980, stack(0x000000000d240000,0x000000000d340000)]
  0x00000000023cb800 JavaThread "DestroyJavaVM" [_thread_blocked, id=4712, stack(0x00000000025f0000,0x00000000026f0000)]
  0x0000000006e6c800 JavaThread "AWT-EventQueue-0" [_thread_blocked, id=4052, stack(0x0000000008b60000,0x0000000008c60000)]
  0x0000000006e5e000 JavaThread "AWT-Windows" daemon [_thread_blocked, id=580, stack(0x0000000008a50000,0x0000000008b50000)]
  0x0000000006e5b000 JavaThread "AWT-Shutdown" [_thread_blocked, id=1596, stack(0x00000000088a0000,0x00000000089a0000)]
  0x00000000082a0800 JavaThread "Java2D Disposer" daemon [_thread_blocked, id=1736, stack(0x00000000087a0000,0x00000000088a0000)]
  0x0000000006dbd000 JavaThread "Service Thread" daemon [_thread_blocked, id=4648, stack(0x0000000007fe0000,0x00000000080e0000)]
  0x0000000006da1000 JavaThread "C2 CompilerThread1" daemon [_thread_blocked, id=4932, stack(0x0000000007e90000,0x0000000007f90000)]
  0x0000000006d9c800 JavaThread "C2 CompilerThread0" daemon [_thread_blocked, id=3456, stack(0x0000000007ca0000,0x0000000007da0000)]
  0x0000000006d98000 JavaThread "Attach Listener" daemon [_thread_blocked, id=3364, stack(0x0000000007aa0000,0x0000000007ba0000)]
  0x0000000006d97000 JavaThread "Signal Dispatcher" daemon [_thread_blocked, id=4660, stack(0x0000000007750000,0x0000000007850000)]
  0x0000000006d11800 JavaThread "Finalizer" daemon [_thread_blocked, id=4616, stack(0x0000000007860000,0x0000000007960000)]
  0x0000000006d09000 JavaThread "Reference Handler" daemon [_thread_blocked, id=4364, stack(0x0000000007640000,0x0000000007740000)]

Other Threads:
=>0x0000000006d01000 VMThread [stack: 0x00000000074e0000,0x00000000075e0000] [id=3976]
  0x0000000006dc7800 WatcherThread [stack: 0x0000000008160000,0x0000000008260000] [id=4900]

VM state:at safepoint (normal execution)

VM Mutex/Monitor currently owned by a thread:  ([mutex/lock_event])
[0x00000000023c95b0] Threads_lock - owner thread: 0x0000000006d01000
[0x00000000023c9ab0] Heap_lock - owner thread: 0x0000000006e6c800

Heap
 PSYoungGen      total 283264K, used 52000K [0x00000007d5600000, 0x00000007ed670000, 0x0000000800000000)
  eden space 177344K, 0% used [0x00000007d5600000,0x00000007d5600000,0x00000007e0330000)
  from space 105920K, 49% used [0x00000007e6f00000,0x00000007ea1c8000,0x00000007ed670000)
  to   space 108160K, 0% used [0x00000007e0330000,0x00000007e0330000,0x00000007e6cd0000)
 PSOldGen        total 249152K, used 248250K [0x0000000780200000, 0x000000078f550000, 0x00000007d5600000)
  object space 249152K, 99% used [0x0000000780200000,0x000000078f46ea70,0x000000078f550000)
 PSPermGen       total 25536K, used 11230K [0x000000077b000000, 0x000000077c8f0000, 0x0000000780200000)
  object space 25536K, 43% used [0x000000077b000000,0x000000077baf7af8,0x000000077c8f0000)

Code Cache  [0x00000000026f0000, 0x0000000002960000, 0x00000000056f0000)
 total_blobs=468 nmethods=58 adapters=362 free_code_cache=48560Kb largest_free_block=49693120

Dynamic libraries:
0x000000013fde0000 - 0x000000013fe13000 	C:\Program Files\Java\jdk1.7.0_03\bin\javaw.exe
0x0000000077230000 - 0x00000000773dc000 	C:\Windows\SYSTEM32\ntdll.dll
0x0000000076ec0000 - 0x0000000076fdf000 	C:\Windows\system32\kernel32.dll
0x000007fefd7f0000 - 0x000007fefd85c000 	C:\Windows\system32\KERNELBASE.dll
0x0000000074aa0000 - 0x0000000074ae5000 	C:\Program Files\AVAST Software\Avast\snxhk64.dll
0x000007fefea20000 - 0x000007fefeafb000 	C:\Windows\system32\ADVAPI32.dll
0x000007fefeb80000 - 0x000007fefec1f000 	C:\Windows\system32\msvcrt.dll
0x000007feff4b0000 - 0x000007feff4cf000 	C:\Windows\SYSTEM32\sechost.dll
0x000007fefdb50000 - 0x000007fefdc7e000 	C:\Windows\system32\RPCRT4.dll
0x0000000076fe0000 - 0x00000000770da000 	C:\Windows\system32\USER32.dll
0x000007feff4d0000 - 0x000007feff537000 	C:\Windows\system32\GDI32.dll
0x000007feff4a0000 - 0x000007feff4ae000 	C:\Windows\system32\LPK.dll
0x000007feff2e0000 - 0x000007feff3aa000 	C:\Windows\system32\USP10.dll
0x000007fefc2a0000 - 0x000007fefc494000 	C:\Windows\WinSxS\amd64_microsoft.windows.common-controls_6595b64144ccf1df_6.0.7600.16661_none_fa62ad231704eab7\COMCTL32.dll
0x000007feff170000 - 0x000007feff1e1000 	C:\Windows\system32\SHLWAPI.dll
0x000007feff1f0000 - 0x000007feff21e000 	C:\Windows\system32\IMM32.DLL
0x000007fefee30000 - 0x000007fefef39000 	C:\Windows\system32\MSCTF.dll
0x0000000067b60000 - 0x0000000067c31000 	C:\Program Files\Java\jdk1.7.0_03\jre\bin\msvcr100.dll
0x0000000062fb0000 - 0x000000006368a000 	C:\Program Files\Java\jdk1.7.0_03\jre\bin\server\jvm.dll
0x000007fefc0f0000 - 0x000007fefc0f9000 	C:\Windows\system32\WSOCK32.dll
0x000007fefef40000 - 0x000007fefef8d000 	C:\Windows\system32\WS2_32.dll
0x000007fefdc80000 - 0x000007fefdc88000 	C:\Windows\system32\NSI.dll
0x000007fefb570000 - 0x000007fefb5ab000 	C:\Windows\system32\WINMM.dll
0x00000000773f0000 - 0x00000000773f7000 	C:\Windows\system32\PSAPI.DLL
0x0000000072d80000 - 0x0000000072d8f000 	C:\Program Files\Java\jdk1.7.0_03\jre\bin\verify.dll
0x0000000072d50000 - 0x0000000072d78000 	C:\Program Files\Java\jdk1.7.0_03\jre\bin\java.dll
0x0000000072d30000 - 0x0000000072d45000 	C:\Program Files\Java\jdk1.7.0_03\jre\bin\zip.dll
0x00000000679c0000 - 0x0000000067b54000 	C:\Program Files\Java\jdk1.7.0_03\jre\bin\awt.dll
0x000007fefda70000 - 0x000007fefdb47000 	C:\Windows\system32\OLEAUT32.dll
0x000007fefec20000 - 0x000007fefee22000 	C:\Windows\system32\ole32.dll
0x000007fefbd10000 - 0x000007fefbd66000 	C:\Windows\system32\uxtheme.dll
0x000007fefb6c0000 - 0x000007fefb6d8000 	C:\Windows\system32\dwmapi.dll
0x000007fefd590000 - 0x000007fefd59f000 	C:\Windows\system32\CRYPTBASE.dll
0x000007feef4f0000 - 0x000007feef6ef000 	C:\Windows\system32\d3d9.dll
0x000007fefc810000 - 0x000007fefc81c000 	C:\Windows\system32\VERSION.dll
0x000007fefb5e0000 - 0x000007fefb5e7000 	C:\Windows\system32\d3d8thk.dll
0x000007feecb90000 - 0x000007feecc9b000 	C:\Windows\system32\aticfx64.dll
0x000007fefaf50000 - 0x000007fefaf5f000 	C:\Windows\system32\atiu9p64.dll
0x000007feeb380000 - 0x000007feebaa3000 	C:\Windows\system32\atiumd64.dll
0x000000006e430000 - 0x000000006e8c0000 	C:\Windows\system32\atiumd6a.dll
0x000007fefdc90000 - 0x000007fefea17000 	C:\Windows\system32\SHELL32.dll
0x0000000072c70000 - 0x0000000072ca4000 	C:\Program Files\Java\jdk1.7.0_03\jre\bin\fontmanager.dll
0x0000000072d10000 - 0x0000000072d29000 	C:\Program Files\Java\jdk1.7.0_03\jre\bin\net.dll
0x000007fefced0000 - 0x000007fefcf24000 	C:\Windows\system32\mswsock.dll
0x000007fefcec0000 - 0x000007fefcec7000 	C:\Windows\System32\wship6.dll
0x0000000072cf0000 - 0x0000000072d01000 	C:\Program Files\Java\jdk1.7.0_03\jre\bin\nio.dll
0x0000000072c20000 - 0x0000000072c61000 	C:\Program Files\Java\jdk1.7.0_03\jre\bin\t2k.dll
0x000007feecfe0000 - 0x000007feed105000 	C:\Windows\system32\dbghelp.dll

VM Arguments:
jvm_args: -Dfile.encoding=Cp1252 
java_command: game.bomberman.ChooseMenu
Launcher Type: SUN_STANDARD

Environment Variables:
PATH=C:/Program Files/Java/jdk1.7.0_03/jre/bin/server;C:/Program Files/Java/jdk1.7.0_03/jre/bin;C:/Program Files/Java/jdk1.7.0_03/jre/lib/amd64;C:\Program Files\Java\jdk1.7.0_03\jre\bin;C:\Program Files\eclipse;
USERNAME=HC
OS=Windows_NT
PROCESSOR_IDENTIFIER=Intel64 Family 6 Model 26 Stepping 5, GenuineIntel



---------------  S Y S T E M  ---------------

OS: Windows 7 , 64 bit Build 7600 

CPU:total 8 (4 cores per cpu, 2 threads per core) family 6 model 26 stepping 5, cmov, cx8, fxsr, mmx, sse, sse2, sse3, ssse3, sse4.1, sse4.2, popcnt, ht

Memory: 4k page, physical 8379512k(5660648k free), swap 16757124k(13151192k free)

vm_info: Java HotSpot(TM) 64-Bit Server VM (22.1-b02) for windows-amd64 JRE (1.7.0_03-b05), built on Feb  3 2012 20:43:56 by "java_re" with unknown MS VC++:1600

time: Fri Jun 29 00:46:18 2012
elapsed time: 10 seconds

