#
# A fatal error has been detected by the Java Runtime Environment:
#
#  EXCEPTION_ACCESS_VIOLATION (0xc0000005) at pc=0x000000006305b855, pid=1816, tid=4216
#
# JRE version: 7.0_03-b05
# Java VM: Java HotSpot(TM) 64-Bit Server VM (22.1-b02 mixed mode windows-amd64 compressed oops)
# Problematic frame:
# V  [jvm.dll+0xab855]
#
# Failed to write core dump. Minidumps are not enabled by default on client versions of Windows
#
# If you would like to submit a bug report, please visit:
#   http://bugreport.sun.com/bugreport/crash.jsp
#

---------------  T H R E A D  ---------------

Current thread (0x0000000006b90800):  VMThread [stack: 0x0000000007620000,0x0000000007720000] [id=4216]

siginfo: ExceptionCode=0xc0000005, reading address 0x0000000789c850f8

Registers:
RAX=0x00000000f1390a1f, RBX=0x0000000789c850f8, RCX=0x0000000000000003, RDX=0x0000000000000001
RSP=0x000000000771f270, RBP=0x000000000029bafd, RSI=0x0000000000093c00, RDI=0x00000007d96ceca0
R8 =0x0000000000000001, R9 =0x000000000ec13690, R10=0x0000000000093a00, R11=0x000000000000001b
R12=0x00000007d947fc90, R13=0x00000000023ccc60, R14=0x00000000022bbca0, R15=0x0000000000000012
RIP=0x000000006305b855, EFLAGS=0x0000000000010202

Top of Stack: (sp=0x000000000771f270)
0x000000000771f270:   00000007835e1348 000000006307462a
0x000000000771f280:   00000000022baaf0 00000007835e4864
0x000000000771f290:   00000007d96ceca0 000000006309717c
0x000000000771f2a0:   0000000000000003 00000007d96cead0
0x000000000771f2b0:   00000000022baaf0 0000000000000200
0x000000000771f2c0:   00000000022baaf0 00000000631aa310
0x000000000771f2d0:   00000007d947fc90 0000000000000000
0x000000000771f2e0:   0000000000093a00 0000000000000000
0x000000000771f2f0:   00000000635ed820 00000000632e631b
0x000000000771f300:   00000000022bab80 0000000000000000
0x000000000771f310:   000000000771f490 00000000635ed820
0x000000000771f320:   00000000023c7e10 00000000632f195e
0x000000000771f330:   000000006348ee50 0000000000000000
0x000000000771f340:   00000000635ed820 0000000000000001
0x000000000771f350:   0000000002010100 0000000000000000
0x000000000771f360:   0000000004396540 00000000022bbc00 

Instructions: (pc=0x000000006305b855)
0x000000006305b835:   01 85 c0 0f 84 92 00 00 00 8b 0d 84 2a 57 00 48
0x000000006305b845:   89 5c 24 38 8b d8 48 d3 e3 48 03 1d 6b 2a 57 00
0x000000006305b855:   48 8b 03 24 03 3c 03 74 6d 48 89 7c 24 20 48 8b
0x000000006305b865:   3b 48 c7 44 24 30 03 00 00 00 48 8b 44 24 30 48 


Register to memory mapping:

RAX=0x00000000f1390a1f is an unknown value
RBX=0x0000000789c850f8 is an unallocated location in the heap
RCX=0x0000000000000003 is an unknown value
RDX=0x0000000000000001 is an unknown value
RSP=0x000000000771f270 is an unknown value
RBP=0x000000000029bafd is an unknown value
RSI=0x0000000000093c00 is an unknown value
RDI=0x00000007d96ceca0 is an unknown value
R8 =0x0000000000000001 is an unknown value
R9 =0x000000000ec13690 is an unknown value
R10=0x0000000000093a00 is an unknown value
R11=0x000000000000001b is an unknown value
R12=0x00000007d947fc90 is an oop
[Ljava.lang.Object; 
 - klass: 'java/lang/Object'[]
 - length: 2734845
R13=0x00000000023ccc60 is an unknown value
R14=0x00000000022bbca0 is an unknown value
R15=0x0000000000000012 is an unknown value


Stack: [0x0000000007620000,0x0000000007720000],  sp=0x000000000771f270,  free space=1020k
Native frames: (J=compiled Java code, j=interpreted, Vv=VM code, C=native code)
V  [jvm.dll+0xab855]

VM_Operation (0x0000000008e6dc30): ParallelGCFailedAllocation, mode: safepoint, requested by thread 0x000000000824d000


---------------  P R O C E S S  ---------------

Java Threads: ( => current thread )
  0x000000000ec17800 JavaThread "Thread-3" [_thread_blocked, id=5076, stack(0x0000000010560000,0x0000000010660000)]
  0x00000000085b0800 JavaThread "Thread-2" [_thread_blocked, id=4984, stack(0x000000000f430000,0x000000000f530000)]
  0x000000000842c800 JavaThread "D3D Screen Updater" daemon [_thread_blocked, id=3760, stack(0x000000000d8f0000,0x000000000d9f0000)]
  0x00000000023cb800 JavaThread "DestroyJavaVM" [_thread_blocked, id=4076, stack(0x0000000002660000,0x0000000002760000)]
  0x000000000824d000 JavaThread "AWT-EventQueue-0" [_thread_blocked, id=4380, stack(0x0000000008d70000,0x0000000008e70000)]
  0x0000000006cfd000 JavaThread "AWT-Windows" daemon [_thread_blocked, id=1196, stack(0x0000000008940000,0x0000000008a40000)]
  0x0000000006cfa000 JavaThread "AWT-Shutdown" [_thread_blocked, id=5080, stack(0x00000000086c0000,0x00000000087c0000)]
  0x0000000008240800 JavaThread "Java2D Disposer" daemon [_thread_blocked, id=3948, stack(0x00000000087e0000,0x00000000088e0000)]
  0x0000000006c5b800 JavaThread "Service Thread" daemon [_thread_blocked, id=2392, stack(0x0000000007f20000,0x0000000008020000)]
  0x0000000006c3f800 JavaThread "C2 CompilerThread1" daemon [_thread_blocked, id=3728, stack(0x0000000007c90000,0x0000000007d90000)]
  0x0000000006c2b000 JavaThread "C2 CompilerThread0" daemon [_thread_blocked, id=1192, stack(0x0000000007da0000,0x0000000007ea0000)]
  0x0000000006c27800 JavaThread "Attach Listener" daemon [_thread_blocked, id=4068, stack(0x0000000007b50000,0x0000000007c50000)]
  0x0000000006c26800 JavaThread "Signal Dispatcher" daemon [_thread_blocked, id=4168, stack(0x00000000079c0000,0x0000000007ac0000)]
  0x0000000006ba3000 JavaThread "Finalizer" daemon [_thread_blocked, id=512, stack(0x0000000007890000,0x0000000007990000)]
  0x0000000006b98800 JavaThread "Reference Handler" daemon [_thread_blocked, id=4552, stack(0x0000000007500000,0x0000000007600000)]

Other Threads:
=>0x0000000006b90800 VMThread [stack: 0x0000000007620000,0x0000000007720000] [id=4216]
  0x0000000006c66800 WatcherThread [stack: 0x0000000008100000,0x0000000008200000] [id=4804]

VM state:at safepoint (normal execution)

VM Mutex/Monitor currently owned by a thread:  ([mutex/lock_event])
[0x00000000023c95b0] Threads_lock - owner thread: 0x0000000006b90800
[0x00000000023c9ab0] Heap_lock - owner thread: 0x000000000824d000

Heap
 PSYoungGen      total 92928K, used 29882K [0x00000007d5600000, 0x00000007e27c0000, 0x0000000800000000)
  eden space 63040K, 0% used [0x00000007d5600000,0x00000007d5600000,0x00000007d9390000)
  from space 29888K, 99% used [0x00000007d9390000,0x00000007db0be898,0x00000007db0c0000)
  to   space 44352K, 0% used [0x00000007dfc70000,0x00000007dfc70000,0x00000007e27c0000)
 PSOldGen        total 87296K, used 69209K [0x0000000780200000, 0x0000000785740000, 0x00000007d5600000)
  object space 87296K, 79% used [0x0000000780200000,0x0000000784596540,0x0000000785740000)
 PSPermGen       total 21248K, used 11230K [0x000000077b000000, 0x000000077c4c0000, 0x0000000780200000)
  object space 21248K, 52% used [0x000000077b000000,0x000000077baf7830,0x000000077c4c0000)

Code Cache  [0x0000000002760000, 0x00000000029d0000, 0x0000000005760000)
 total_blobs=470 nmethods=60 adapters=362 free_code_cache=48559Kb largest_free_block=49697344

Dynamic libraries:
0x000000013f0e0000 - 0x000000013f113000 	C:\Program Files\Java\jdk1.7.0_03\bin\javaw.exe
0x0000000077230000 - 0x00000000773dc000 	C:\Windows\SYSTEM32\ntdll.dll
0x0000000076ec0000 - 0x0000000076fdf000 	C:\Windows\system32\kernel32.dll
0x000007fefd7f0000 - 0x000007fefd85c000 	C:\Windows\system32\KERNELBASE.dll
0x0000000074aa0000 - 0x0000000074ae5000 	C:\Program Files\AVAST Software\Avast\snxhk64.dll
0x000007fefea20000 - 0x000007fefeafb000 	C:\Windows\system32\ADVAPI32.dll
0x000007fefeb80000 - 0x000007fefec1f000 	C:\Windows\system32\msvcrt.dll
0x000007feff4b0000 - 0x000007feff4cf000 	C:\Windows\SYSTEM32\sechost.dll
0x000007fefdb50000 - 0x000007fefdc7e000 	C:\Windows\system32\RPCRT4.dll
0x0000000076fe0000 - 0x00000000770da000 	C:\Windows\system32\USER32.dll
0x000007feff4d0000 - 0x000007feff537000 	C:\Windows\system32\GDI32.dll
0x000007feff4a0000 - 0x000007feff4ae000 	C:\Windows\system32\LPK.dll
0x000007feff2e0000 - 0x000007feff3aa000 	C:\Windows\system32\USP10.dll
0x000007fefc2a0000 - 0x000007fefc494000 	C:\Windows\WinSxS\amd64_microsoft.windows.common-controls_6595b64144ccf1df_6.0.7600.16661_none_fa62ad231704eab7\COMCTL32.dll
0x000007feff170000 - 0x000007feff1e1000 	C:\Windows\system32\SHLWAPI.dll
0x000007feff1f0000 - 0x000007feff21e000 	C:\Windows\system32\IMM32.DLL
0x000007fefee30000 - 0x000007fefef39000 	C:\Windows\system32\MSCTF.dll
0x0000000067b60000 - 0x0000000067c31000 	C:\Program Files\Java\jdk1.7.0_03\jre\bin\msvcr100.dll
0x0000000062fb0000 - 0x000000006368a000 	C:\Program Files\Java\jdk1.7.0_03\jre\bin\server\jvm.dll
0x000007fefc0f0000 - 0x000007fefc0f9000 	C:\Windows\system32\WSOCK32.dll
0x000007fefef40000 - 0x000007fefef8d000 	C:\Windows\system32\WS2_32.dll
0x000007fefdc80000 - 0x000007fefdc88000 	C:\Windows\system32\NSI.dll
0x000007fefb570000 - 0x000007fefb5ab000 	C:\Windows\system32\WINMM.dll
0x00000000773f0000 - 0x00000000773f7000 	C:\Windows\system32\PSAPI.DLL
0x0000000072d80000 - 0x0000000072d8f000 	C:\Program Files\Java\jdk1.7.0_03\jre\bin\verify.dll
0x0000000072d50000 - 0x0000000072d78000 	C:\Program Files\Java\jdk1.7.0_03\jre\bin\java.dll
0x0000000072d30000 - 0x0000000072d45000 	C:\Program Files\Java\jdk1.7.0_03\jre\bin\zip.dll
0x00000000679c0000 - 0x0000000067b54000 	C:\Program Files\Java\jdk1.7.0_03\jre\bin\awt.dll
0x000007fefda70000 - 0x000007fefdb47000 	C:\Windows\system32\OLEAUT32.dll
0x000007fefec20000 - 0x000007fefee22000 	C:\Windows\system32\ole32.dll
0x000007fefbd10000 - 0x000007fefbd66000 	C:\Windows\system32\uxtheme.dll
0x000007fefb6c0000 - 0x000007fefb6d8000 	C:\Windows\system32\dwmapi.dll
0x000007fefd590000 - 0x000007fefd59f000 	C:\Windows\system32\CRYPTBASE.dll
0x000007feef4f0000 - 0x000007feef6ef000 	C:\Windows\system32\d3d9.dll
0x000007fefc810000 - 0x000007fefc81c000 	C:\Windows\system32\VERSION.dll
0x000007fefb5e0000 - 0x000007fefb5e7000 	C:\Windows\system32\d3d8thk.dll
0x000007feecb90000 - 0x000007feecc9b000 	C:\Windows\system32\aticfx64.dll
0x000007fefaf50000 - 0x000007fefaf5f000 	C:\Windows\system32\atiu9p64.dll
0x000007feeb380000 - 0x000007feebaa3000 	C:\Windows\system32\atiumd64.dll
0x000000006e430000 - 0x000000006e8c0000 	C:\Windows\system32\atiumd6a.dll
0x000007fefdc90000 - 0x000007fefea17000 	C:\Windows\system32\SHELL32.dll
0x0000000072cb0000 - 0x0000000072ce4000 	C:\Program Files\Java\jdk1.7.0_03\jre\bin\fontmanager.dll
0x0000000072d10000 - 0x0000000072d29000 	C:\Program Files\Java\jdk1.7.0_03\jre\bin\net.dll
0x000007fefced0000 - 0x000007fefcf24000 	C:\Windows\system32\mswsock.dll
0x000007fefcec0000 - 0x000007fefcec7000 	C:\Windows\System32\wship6.dll
0x0000000072cf0000 - 0x0000000072d01000 	C:\Program Files\Java\jdk1.7.0_03\jre\bin\nio.dll
0x0000000072c60000 - 0x0000000072ca1000 	C:\Program Files\Java\jdk1.7.0_03\jre\bin\t2k.dll

VM Arguments:
jvm_args: -Dfile.encoding=Cp1252 
java_command: game.bomberman.ChooseMenu
Launcher Type: SUN_STANDARD

Environment Variables:
PATH=C:/Program Files/Java/jdk1.7.0_03/jre/bin/server;C:/Program Files/Java/jdk1.7.0_03/jre/bin;C:/Program Files/Java/jdk1.7.0_03/jre/lib/amd64;C:\Program Files\Java\jdk1.7.0_03\jre\bin;C:\Program Files\eclipse;
USERNAME=HC
OS=Windows_NT
PROCESSOR_IDENTIFIER=Intel64 Family 6 Model 26 Stepping 5, GenuineIntel



---------------  S Y S T E M  ---------------

OS: Windows 7 , 64 bit Build 7600 

CPU:total 8 (4 cores per cpu, 2 threads per core) family 6 model 26 stepping 5, cmov, cx8, fxsr, mmx, sse, sse2, sse3, ssse3, sse4.1, sse4.2, popcnt, ht

Memory: 4k page, physical 8379512k(6064204k free), swap 16757124k(13520664k free)

vm_info: Java HotSpot(TM) 64-Bit Server VM (22.1-b02) for windows-amd64 JRE (1.7.0_03-b05), built on Feb  3 2012 20:43:56 by "java_re" with unknown MS VC++:1600

time: Fri Jun 29 00:45:54 2012
elapsed time: 7 seconds

